** Message: 17:42:08.331: environement.vala:58: Exporting primary_variable
** Message: 17:42:08.331: environement.vala:59: desktop_environnement XDG_CURRENT_DESKTOP
** Message: 17:42:08.331: environement.vala:150: confir_dirs is null, export : /etc/xdg
** Message: 17:42:08.331: environement.vala:184: Exporting XDG_CONFIG_DIRS
** Message: 17:42:08.331: environement.vala:218: custom_data :
** Message: 17:42:08.331: environement.vala:219: data_dirs :/usr/local/share:/usr/share/raspi-ui-overrides:/usr/share:/usr/share/gdm:/var/lib/menu-xdg
** Message: 17:42:08.332: environement.vala:220: data_dirs not null, export : /usr/local/share:/usr/share/raspi-ui-overrides:/usr/share:/usr/share/gdm:/var/lib/menu-xdg
** Message: 17:42:08.332: environement.vala:225: Exporting XDG_DATA_DIRS
** Message: 17:42:08.332: utils.vala:138: Config system location : /etc/xdg/lxsession/LXDE-pi
** Message: 17:42:08.333: utils.vala:144: System system path location : /etc/xdg/lxsession/LXDE-pi/desktop.conf
** Message: 17:42:08.334: utils.vala:148: Final file used : /etc/xdg/lxsession/LXDE-pi/desktop.conf
** Message: 17:42:08.334: utils.vala:39: Config system location : /etc/xdg/lxsession/LXDE-pi
** Message: 17:42:08.334: utils.vala:45: System system path location : /etc/xdg/lxsession/LXDE-pi/desktop.conf

** (lxsession:786): WARNING **: 17:42:08.336: utils.vala:70: No such file or directory
** Message: 17:42:08.336: settings.vala:540: Key file does not have key “iGtk/ColorScheme” in group “GTK”
** Message: 17:42:08.336: settings.vala:540: Key file does not have key “windows_manager/command” in group “Session”
** Message: 17:42:08.336: settings.vala:540: Key file does not have key “panel/command” in group “Session”
** Message: 17:42:08.336: settings.vala:540: Key file does not have key “dock/command” in group “Session”
** Message: 17:42:08.336: settings.vala:540: Key file does not have key “file_manager/command” in group “Session”
** Message: 17:42:08.336: settings.vala:540: Key file does not have key “desktop_manager/command” in group “Session”
** Message: 17:42:08.336: settings.vala:540: Key file does not have key “launcher_manager/autostart” in group “Session”
** Message: 17:42:08.336: settings.vala:540: Key file does not have key “composite_manager/command” in group “Session”
** Message: 17:42:08.337: settings.vala:540: Key file does not have key “im1/command” in group “Session”
** Message: 17:42:08.337: settings.vala:540: Key file does not have key “im2/command” in group “Session”
** Message: 17:42:08.337: settings.vala:540: Key file does not have key “widget1/command” in group “Session”
** Message: 17:42:08.337: settings.vala:540: Key file does not have key “notification/command” in group “Session”
** Message: 17:42:08.337: settings.vala:540: Key file does not have key “keybindings/command” in group “Session”
** Message: 17:42:08.337: settings.vala:540: Key file does not have key “im_manager/command” in group “Session”
** Message: 17:42:08.337: settings.vala:540: Key file does not have key “screensaver/command” in group “Session”
** Message: 17:42:08.337: settings.vala:540: Key file does not have key “power_manager/command” in group “Session”
** Message: 17:42:08.338: settings.vala:540: Key file does not have key “audio_manager/command” in group “Session”
** Message: 17:42:08.338: settings.vala:540: Key file does not have key “workspace_manager/command” in group “Session”
** Message: 17:42:08.338: settings.vala:540: Key file does not have key “screenshot_manager/command” in group “Session”
** Message: 17:42:08.338: settings.vala:540: Key file does not have key “message_manager/command” in group “Session”
** Message: 17:42:08.338: settings.vala:540: Key file does not have key “upgrade_manager/command” in group “Session”
** Message: 17:42:08.338: settings.vala:540: Key file does not have key “updates_manager/command” in group “Session”
** Message: 17:42:08.338: settings.vala:540: Key file does not have key “updates_manager/timeout” in group “Session”
** Message: 17:42:08.339: settings.vala:540: Key file does not have key “crash_manager/command” in group “Session”
** Message: 17:42:08.339: settings.vala:540: Key file does not have key “crash_manager/dev_mode” in group “Session”
** Message: 17:42:08.339: settings.vala:540: Key file does not have key “crash_manager/timeout” in group “Session”
** Message: 17:42:08.339: settings.vala:540: Key file does not have key “upstart_user_session” in group “Session”
** Message: 17:42:08.339: settings.vala:540: Key file does not have key “proxy_manager/http” in group “Session”
** Message: 17:42:08.339: settings.vala:540: Key file does not have key “a11y/command” in group “Session”
** Message: 17:42:08.339: settings.vala:540: Key file does not have key “xrandr/command” in group “Session”
** Message: 17:42:08.339: settings.vala:540: Key file does not have key “network_gui/command” in group “Session”
** Message: 17:42:08.339: settings.vala:540: Key file does not have key “webbrowser/command” in group “Session”
** Message: 17:42:08.339: settings.vala:540: Key file does not have key “email/command” in group “Session”
** Message: 17:42:08.339: settings.vala:540: Key file does not have key “pdf_reader/command” in group “Session”
** Message: 17:42:08.340: settings.vala:540: Key file does not have key “video_player/command” in group “Session”
** Message: 17:42:08.340: settings.vala:540: Key file does not have key “audio_player/command” in group “Session”
** Message: 17:42:08.340: settings.vala:540: Key file does not have key “image_display/command” in group “Session”
** Message: 17:42:08.340: settings.vala:540: Key file does not have key “text_editor/command” in group “Session”
** Message: 17:42:08.340: settings.vala:540: Key file does not have key “archive/command” in group “Session”
** Message: 17:42:08.340: settings.vala:540: Key file does not have key “charmap/command” in group “Session”
** Message: 17:42:08.340: settings.vala:540: Key file does not have key “calculator/command” in group “Session”
** Message: 17:42:08.340: settings.vala:540: Key file does not have key “spreadsheet/command” in group “Session”
** Message: 17:42:08.340: settings.vala:540: Key file does not have key “bittorent/command” in group “Session”
** Message: 17:42:08.341: settings.vala:540: Key file does not have key “document/command” in group “Session”
** Message: 17:42:08.341: settings.vala:540: Key file does not have key “webcam/command” in group “Session”
** Message: 17:42:08.341: settings.vala:540: Key file does not have key “burn/command” in group “Session”
** Message: 17:42:08.341: settings.vala:540: Key file does not have key “notes/command” in group “Session”
** Message: 17:42:08.341: settings.vala:540: Key file does not have key “disk_utility/command” in group “Session”
** Message: 17:42:08.341: settings.vala:540: Key file does not have key “tasks/command” in group “Session”
** Message: 17:42:08.341: settings.vala:540: Key file does not have group “Keymap”
** Message: 17:42:08.341: settings.vala:540: Key file does not have key “laptop_mode” in group “State”
** Message: 17:42:08.341: settings.vala:540: Key file does not have key “gnome” in group “Dbus”
** Message: 17:42:08.341: settings.vala:540: Key file does not have key “type” in group “Environment”
** Message: 17:42:08.341: settings.vala:540: Key file does not have key “ubuntu_menuproxy” in group “Environment”
** Message: 17:42:08.342: settings.vala:540: Key file does not have key “toolkit_integration” in group “Environment”
** Message: 17:42:08.342: settings.vala:540: Key file does not have key “gtk/overlay_scrollbar_disable” in group “Environment”
** Message: 17:42:08.342: settings.vala:540: Key file does not have key “qt/force_theme” in group “Environment”
** Message: 17:42:08.342: settings.vala:540: Key file does not have key “qt/platform” in group “Environment”
** Message: 17:42:08.343: settings.vala:462: Monitoring: /etc/xdg/lxsession/LXDE-pi/desktop.conf
** Message: 17:42:08.343: settings.vala:470: Desktop file is not in config home, monitoring creation of it
** Message: 17:42:08.343: settings.vala:485: Monitoring home path: /home/pi/.config/lxsession/LXDE-pi/desktop.conf
** Message: 17:42:08.344: environement.vala:79: Exporting variable
** Message: 17:42:08.344: environement.vala:80: desktop_environnement XDG_CURRENT_DESKTOP
** Message: 17:42:08.344: environement.vala:177: custom_config :
** Message: 17:42:08.344: environement.vala:178: config_dirs :/etc/xdg
** Message: 17:42:08.344: environement.vala:179: confir_dirs not null, export : /etc/xdg
** Message: 17:42:08.344: environement.vala:184: Exporting XDG_CONFIG_DIRS
** Message: 17:42:08.344: environement.vala:218: custom_data :
** Message: 17:42:08.344: environement.vala:219: data_dirs :/usr/local/share:/usr/share/raspi-ui-overrides:/usr/share:/usr/share/gdm:/var/lib/menu-xdg
** Message: 17:42:08.344: environement.vala:220: data_dirs not null, export : /usr/local/share:/usr/share/raspi-ui-overrides:/usr/share:/usr/share/gdm:/var/lib/menu-xdg
** Message: 17:42:08.345: environement.vala:225: Exporting XDG_DATA_DIRS
** Message: 17:42:08.345: utils.vala:39: Config system location : /etc/xdg/lxsession/LXDE-pi
** Message: 17:42:08.345: utils.vala:45: System system path location : /etc/xdg/lxsession/LXDE-pi/desktop.conf

** (lxsession:786): WARNING **: 17:42:08.345: utils.vala:70: No such file or directory
** Message: 17:42:08.346: environement.vala:254: No entry in [Environment_variable]. Key file does not have group “Environment_variable”

** (lxsession:786): WARNING **: 17:42:08.352: process.vala:49: Failed to execute child process “xprop” (No such file or directory)

** (lxsession:786): WARNING **: 17:42:08.352: process.vala:50: Error when launching xprop
** Message: 17:42:08.352: utils.vala:138: Config system location : /etc/xdg/lxsession/LXDE-pi
** Message: 17:42:08.352: utils.vala:144: System system path location : /etc/xdg/lxsession/LXDE-pi/conffiles.conf
** Message: 17:42:08.352: utils.vala:148: Final file used : /etc/xdg/lxsession/LXDE-pi/conffiles.conf
** Message: 17:42:08.352: options.vala:164: Activate xsettings_manager build-in
** Message: 17:42:08.352: utils.vala:39: Config system location : /etc/xdg/lxsession/LXDE-pi
** Message: 17:42:08.353: utils.vala:45: System system path location : /etc/xdg/lxsession/LXDE-pi/desktop.conf

** (lxsession:786): WARNING **: 17:42:08.356: utils.vala:70: No such file or directory
** Message: 17:42:08.377: app.vala:728: polkit separate
** Message: 17:42:08.378: app.vala:728: polkit separate
** Message: 17:42:08.387: app.vala:76: Launching lxpolkit 
** Message: 17:42:08.388: utils.vala:138: Config system location : /etc/xdg/lxsession/LXDE-pi
** Message: 17:42:08.388: utils.vala:144: System system path location : /etc/xdg/lxsession/LXDE-pi/autostart
** Message: 17:42:08.388: utils.vala:148: Final file used : /etc/xdg/lxsession/LXDE-pi/autostart
** Message: 17:42:08.388: autostart.vala:42: Autostart path : /etc/xdg/lxsession/LXDE-pi/autostart
** Message: 17:42:08.403: app.vala:76: Launching lxpanel 
** Message: 17:42:08.422: app.vala:76: Launching pcmanfm 

** (lxsession:786): WARNING **: 17:42:08.428: app.vala:86: Failed to execute child process “xscreensaver” (No such file or directory)

** (lxsession:786): WARNING **: 17:42:08.428: app.vala:87: Error when launching xscreensaver
** Message: 17:42:08.441: options.vala:107: Create build-in Clipboard
** Message: 17:42:08.445: main.vala:450: Check keymap_mode (null)
** Message: 17:42:08.450: app.vala:76: Launching /usr/bin/ssh-agent 
SSH_AUTH_SOCK=/tmp/ssh-Fj6JjbIb4ZAG/agent.978; export SSH_AUTH_SOCK;
SSH_AGENT_PID=984; export SSH_AGENT_PID;
echo Agent pid 984;
xrandr: Failed to get size of gamma for output default
** Message: 17:42:08.962: app.vala:130: /usr/bin/ssh-agent exit with this type of exit: 0
Openbox-Message: Unable to find a valid menu file "/usr/share/lxde/openbox/menu.xml"
** Message: 17:42:10.027: x-terminal-emulator has very limited support, consider choosing another terminal
** Message: 17:42:10.300: x-terminal-emulator has very limited support, consider choosing another terminal
grep: /home/pi/.config/lxpanel/LXDE-pi/panels/*: No such file or directory
** Message: 17:42:11.903: Connecting ...
** Message: 17:42:11.903: Status changed to down

** (lxpanel:972): CRITICAL **: 17:42:11.903: dhcpcd_open: Inappropriate ioctl for device
xrandr: Failed to get size of gamma for output default
Unit pt-device-manager.service could not be found.
Unit pi-topd.service could not be found.

** (lxpanel:972): WARNING **: 17:42:12.089: Battery 0 not found
** Message: 17:42:12.600: up: Checking for updates
** Message: 17:42:12.904: Status changed to opened
** Message: 17:42:12.904: Connected to dhcpcd-8.1.2
** Message: 17:42:12.905: Status changed to connected
** Message: 17:42:12.905: eth0: Link is down
** Message: 17:42:12.906: wlan0: Associated with iptime_C6H12O6
** Message: 17:42:12.906: wlan0: Configured 192.168.0.12/24
** Message: 17:42:12.907: wlan0: WPA status connected
** Message: 17:42:43.580: up: Error updating cache - E: http://archive.raspberrypi.org/debian bullseye InRelease is not (yet) available (Temporary failure resolving 'archive.raspberrypi.org')

